{"name":"Log","hostname":"1edb7bd1fb52","pid":1,"level":30,"msg":"Creating table: posts","time":"2020-12-15T15:37:01.640Z","v":0}
{"name":"Log","hostname":"1edb7bd1fb52","pid":1,"level":30,"msg":"Creating table: posts_meta","time":"2020-12-15T15:37:01.660Z","v":0}
{"name":"Log","hostname":"1edb7bd1fb52","pid":1,"level":30,"msg":"Creating table: users","time":"2020-12-15T15:37:01.673Z","v":0}
{"name":"Log","hostname":"1edb7bd1fb52","pid":1,"level":30,"msg":"Creating table: posts_authors","time":"2020-12-15T15:37:01.689Z","v":0}
{"name":"Log","hostname":"1edb7bd1fb52","pid":1,"level":30,"msg":"Creating table: roles","time":"2020-12-15T15:37:01.695Z","v":0}
{"name":"Log","hostname":"1edb7bd1fb52","pid":1,"level":30,"msg":"Creating table: roles_users","time":"2020-12-15T15:37:01.707Z","v":0}
{"name":"Log","hostname":"1edb7bd1fb52","pid":1,"level":30,"msg":"Creating table: permissions","time":"2020-12-15T15:37:01.714Z","v":0}
{"name":"Log","hostname":"1edb7bd1fb52","pid":1,"level":30,"msg":"Creating table: permissions_users","time":"2020-12-15T15:37:01.736Z","v":0}
{"name":"Log","hostname":"1edb7bd1fb52","pid":1,"level":30,"msg":"Creating table: permissions_roles","time":"2020-12-15T15:37:01.745Z","v":0}
{"name":"Log","hostname":"1edb7bd1fb52","pid":1,"level":30,"msg":"Creating table: permissions_apps","time":"2020-12-15T15:37:01.753Z","v":0}
{"name":"Log","hostname":"1edb7bd1fb52","pid":1,"level":30,"msg":"Creating table: settings","time":"2020-12-15T15:37:01.761Z","v":0}
{"name":"Log","hostname":"1edb7bd1fb52","pid":1,"level":30,"msg":"Creating table: tags","time":"2020-12-15T15:37:01.771Z","v":0}
{"name":"Log","hostname":"1edb7bd1fb52","pid":1,"level":30,"msg":"Creating table: posts_tags","time":"2020-12-15T15:37:01.781Z","v":0}
{"name":"Log","hostname":"1edb7bd1fb52","pid":1,"level":30,"msg":"Creating table: apps","time":"2020-12-15T15:37:01.788Z","v":0}
{"name":"Log","hostname":"1edb7bd1fb52","pid":1,"level":30,"msg":"Creating table: app_settings","time":"2020-12-15T15:37:01.805Z","v":0}
{"name":"Log","hostname":"1edb7bd1fb52","pid":1,"level":30,"msg":"Creating table: app_fields","time":"2020-12-15T15:37:01.815Z","v":0}
{"name":"Log","hostname":"1edb7bd1fb52","pid":1,"level":30,"msg":"Creating table: invites","time":"2020-12-15T15:37:01.824Z","v":0}
{"name":"Log","hostname":"1edb7bd1fb52","pid":1,"level":30,"msg":"Creating table: brute","time":"2020-12-15T15:37:01.839Z","v":0}
{"name":"Log","hostname":"1edb7bd1fb52","pid":1,"level":30,"msg":"Creating table: webhooks","time":"2020-12-15T15:37:01.844Z","v":0}
{"name":"Log","hostname":"1edb7bd1fb52","pid":1,"level":30,"msg":"Creating table: sessions","time":"2020-12-15T15:37:01.849Z","v":0}
{"name":"Log","hostname":"1edb7bd1fb52","pid":1,"level":30,"msg":"Creating table: integrations","time":"2020-12-15T15:37:01.856Z","v":0}
{"name":"Log","hostname":"1edb7bd1fb52","pid":1,"level":30,"msg":"Creating table: api_keys","time":"2020-12-15T15:37:01.863Z","v":0}
{"name":"Log","hostname":"1edb7bd1fb52","pid":1,"level":30,"msg":"Creating table: mobiledoc_revisions","time":"2020-12-15T15:37:01.871Z","v":0}
{"name":"Log","hostname":"1edb7bd1fb52","pid":1,"level":30,"msg":"Creating table: members","time":"2020-12-15T15:37:01.881Z","v":0}
{"name":"Log","hostname":"1edb7bd1fb52","pid":1,"level":30,"msg":"Creating table: labels","time":"2020-12-15T15:37:01.901Z","v":0}
{"name":"Log","hostname":"1edb7bd1fb52","pid":1,"level":30,"msg":"Creating table: members_labels","time":"2020-12-15T15:37:01.915Z","v":0}
{"name":"Log","hostname":"1edb7bd1fb52","pid":1,"level":30,"msg":"Creating table: members_stripe_customers","time":"2020-12-15T15:37:01.924Z","v":0}
{"name":"Log","hostname":"1edb7bd1fb52","pid":1,"level":30,"msg":"Creating table: members_stripe_customers_subscriptions","time":"2020-12-15T15:37:01.936Z","v":0}
{"name":"Log","hostname":"1edb7bd1fb52","pid":1,"level":30,"msg":"Creating table: actions","time":"2020-12-15T15:37:01.951Z","v":0}
{"name":"Log","hostname":"1edb7bd1fb52","pid":1,"level":30,"msg":"Creating table: emails","time":"2020-12-15T15:37:01.958Z","v":0}
{"name":"Log","hostname":"1edb7bd1fb52","pid":1,"level":30,"msg":"Creating table: email_batches","time":"2020-12-15T15:37:01.972Z","v":0}
{"name":"Log","hostname":"1edb7bd1fb52","pid":1,"level":30,"msg":"Creating table: email_recipients","time":"2020-12-15T15:37:01.978Z","v":0}
{"name":"Log","hostname":"1edb7bd1fb52","pid":1,"level":30,"msg":"Creating table: tokens","time":"2020-12-15T15:37:02.000Z","v":0}
{"name":"Log","hostname":"1edb7bd1fb52","pid":1,"level":30,"msg":"Creating table: snippets","time":"2020-12-15T15:37:02.007Z","v":0}
{"name":"Log","hostname":"1edb7bd1fb52","pid":1,"level":30,"msg":"Model: Tag","time":"2020-12-15T15:37:02.028Z","v":0}
{"name":"Log","hostname":"1edb7bd1fb52","pid":1,"level":30,"msg":"Model: Role","time":"2020-12-15T15:37:02.074Z","v":0}
{"name":"Log","hostname":"1edb7bd1fb52","pid":1,"level":30,"msg":"Model: Permission","time":"2020-12-15T15:37:02.120Z","v":0}
{"name":"Log","hostname":"1edb7bd1fb52","pid":1,"level":30,"msg":"Model: User","time":"2020-12-15T15:37:02.638Z","v":0}
{"name":"Log","hostname":"1edb7bd1fb52","pid":1,"level":30,"msg":"Model: Post","time":"2020-12-15T15:37:03.222Z","v":0}
{"name":"Log","hostname":"1edb7bd1fb52","pid":1,"level":30,"msg":"Model: Integration","time":"2020-12-15T15:37:03.751Z","v":0}
{"name":"Log","hostname":"1edb7bd1fb52","pid":1,"level":30,"msg":"Relation: Role to Permission","time":"2020-12-15T15:37:03.850Z","v":0}
{"name":"Log","hostname":"1edb7bd1fb52","pid":1,"level":30,"msg":"Relation: Post to Tag","time":"2020-12-15T15:37:04.542Z","v":0}
{"name":"Log","hostname":"1edb7bd1fb52","pid":1,"level":30,"msg":"Relation: User to Role","time":"2020-12-15T15:37:04.611Z","v":0}
{"name":"Log","hostname":"1edb7bd1fb52","pid":1,"level":30,"msg":"Ghost is running in production...","time":"2020-12-15T15:37:09.512Z","v":0}
{"name":"Log","hostname":"1edb7bd1fb52","pid":1,"level":30,"msg":"Your site is now available on https://cms.sharebiker.net/","time":"2020-12-15T15:37:09.513Z","v":0}
{"name":"Log","hostname":"1edb7bd1fb52","pid":1,"level":30,"msg":"Ctrl+C to shut down","time":"2020-12-15T15:37:09.513Z","v":0}
{"name":"Log","hostname":"1edb7bd1fb52","pid":1,"level":30,"msg":"Ghost boot 12.752s","time":"2020-12-15T15:37:09.515Z","v":0}
{"name":"Log","hostname":"1edb7bd1fb52","pid":1,"level":40,"msg":"Ghost is shutting down","time":"2020-12-15T15:58:56.470Z","v":0}
{"name":"Log","hostname":"1edb7bd1fb52","pid":1,"level":40,"msg":"Ghost has shut down","time":"2020-12-15T15:58:56.480Z","v":0}
{"name":"Log","hostname":"7617749ad356","pid":1,"level":30,"msg":"Ghost is running in production...","time":"2020-12-15T16:00:25.859Z","v":0}
{"name":"Log","hostname":"7617749ad356","pid":1,"level":30,"msg":"Your site is now available on https://cms.sharebiker.net/","time":"2020-12-15T16:00:25.863Z","v":0}
{"name":"Log","hostname":"7617749ad356","pid":1,"level":30,"msg":"Ctrl+C to shut down","time":"2020-12-15T16:00:25.864Z","v":0}
{"name":"Log","hostname":"7617749ad356","pid":1,"level":30,"msg":"Ghost boot 7.749s","time":"2020-12-15T16:00:25.922Z","v":0}
{"name":"Log","hostname":"7617749ad356","pid":1,"level":40,"msg":"Ghost is shutting down","time":"2020-12-15T16:04:23.553Z","v":0}
{"name":"Log","hostname":"7617749ad356","pid":1,"level":40,"msg":"Ghost has shut down","time":"2020-12-15T16:04:23.563Z","v":0}
{"name":"Log","hostname":"22b870340bb3","pid":1,"level":30,"msg":"Ghost is running in production...","time":"2020-12-15T16:05:09.424Z","v":0}
{"name":"Log","hostname":"22b870340bb3","pid":1,"level":30,"msg":"Your site is now available on https://cms.sharebiker.net/","time":"2020-12-15T16:05:09.428Z","v":0}
{"name":"Log","hostname":"22b870340bb3","pid":1,"level":30,"msg":"Ctrl+C to shut down","time":"2020-12-15T16:05:09.428Z","v":0}
{"name":"Log","hostname":"22b870340bb3","pid":1,"level":30,"msg":"Ghost boot 6.921s","time":"2020-12-15T16:05:09.432Z","v":0}
{"name":"Log","hostname":"22b870340bb3","pid":1,"level":40,"msg":"Ghost is shutting down","time":"2020-12-15T16:15:37.894Z","v":0}
{"name":"Log","hostname":"22b870340bb3","pid":1,"level":40,"msg":"Ghost has shut down","time":"2020-12-15T16:15:37.901Z","v":0}
{"name":"Log","hostname":"a0f01e9ee59e","pid":1,"level":30,"msg":"Ghost is running in production...","time":"2020-12-15T16:17:39.372Z","v":0}
{"name":"Log","hostname":"a0f01e9ee59e","pid":1,"level":30,"msg":"Your site is now available on https://cms.sharebiker.net/","time":"2020-12-15T16:17:39.373Z","v":0}
{"name":"Log","hostname":"a0f01e9ee59e","pid":1,"level":30,"msg":"Ctrl+C to shut down","time":"2020-12-15T16:17:39.373Z","v":0}
{"name":"Log","hostname":"a0f01e9ee59e","pid":1,"level":30,"msg":"Ghost boot 7.025s","time":"2020-12-15T16:17:39.376Z","v":0}
{"name":"Log","hostname":"a0f01e9ee59e","pid":1,"level":40,"msg":"Ghost is shutting down","time":"2020-12-15T16:19:07.196Z","v":0}
{"name":"Log","hostname":"a0f01e9ee59e","pid":1,"level":40,"msg":"Ghost has shut down","time":"2020-12-15T16:19:07.199Z","v":0}
{"name":"Log","hostname":"69be084afd71","pid":1,"level":30,"msg":"Ghost is running in production...","time":"2020-12-15T16:19:37.381Z","v":0}
{"name":"Log","hostname":"69be084afd71","pid":1,"level":30,"msg":"Your site is now available on https://cms.sharebiker.net/","time":"2020-12-15T16:19:37.382Z","v":0}
{"name":"Log","hostname":"69be084afd71","pid":1,"level":30,"msg":"Ctrl+C to shut down","time":"2020-12-15T16:19:37.383Z","v":0}
{"name":"Log","hostname":"69be084afd71","pid":1,"level":30,"msg":"Ghost boot 7.705s","time":"2020-12-15T16:19:37.389Z","v":0}
{"name":"Log","hostname":"69be084afd71","pid":1,"level":40,"msg":"Ghost is shutting down","time":"2020-12-15T16:41:52.446Z","v":0}
{"name":"Log","hostname":"69be084afd71","pid":1,"level":40,"msg":"Ghost has shut down","time":"2020-12-15T16:41:52.451Z","v":0}
{"name":"Log","hostname":"7f961072da46","pid":1,"level":30,"msg":"Ghost is running in production...","time":"2020-12-15T16:42:34.548Z","v":0}
{"name":"Log","hostname":"7f961072da46","pid":1,"level":30,"msg":"Your site is now available on https://cms.sharebiker.net/","time":"2020-12-15T16:42:34.551Z","v":0}
{"name":"Log","hostname":"7f961072da46","pid":1,"level":30,"msg":"Ctrl+C to shut down","time":"2020-12-15T16:42:34.552Z","v":0}
{"name":"Log","hostname":"7f961072da46","pid":1,"level":30,"msg":"Ghost boot 7.879s","time":"2020-12-15T16:42:34.559Z","v":0}
{"name":"Log","hostname":"7f961072da46","pid":1,"level":40,"msg":"Ghost is shutting down","time":"2020-12-15T17:10:21.080Z","v":0}
{"name":"Log","hostname":"7f961072da46","pid":1,"level":40,"msg":"Ghost has shut down","time":"2020-12-15T17:10:21.090Z","v":0}
{"name":"Log","hostname":"95e05101ccdb","pid":1,"level":30,"msg":"Ghost is running in production...","time":"2020-12-15T17:10:33.484Z","v":0}
{"name":"Log","hostname":"95e05101ccdb","pid":1,"level":30,"msg":"Your site is now available on https://cms.sharebiker.net/","time":"2020-12-15T17:10:33.488Z","v":0}
{"name":"Log","hostname":"95e05101ccdb","pid":1,"level":30,"msg":"Ctrl+C to shut down","time":"2020-12-15T17:10:33.489Z","v":0}
{"name":"Log","hostname":"95e05101ccdb","pid":1,"level":30,"msg":"Ghost boot 7.104s","time":"2020-12-15T17:10:33.496Z","v":0}
{"name":"Log","hostname":"95e05101ccdb","pid":1,"level":40,"msg":"Ghost is shutting down","time":"2020-12-18T08:35:04.013Z","v":0}
{"name":"Log","hostname":"95e05101ccdb","pid":1,"level":40,"msg":"Ghost has shut down","time":"2020-12-18T08:35:04.031Z","v":0}
{"name":"Log","hostname":"a3d439b0629a","pid":1,"level":30,"msg":"Ghost is running in production...","time":"2020-12-18T08:35:19.183Z","v":0}
{"name":"Log","hostname":"a3d439b0629a","pid":1,"level":30,"msg":"Your site is now available on https://cms.sharebiker.net/","time":"2020-12-18T08:35:19.186Z","v":0}
{"name":"Log","hostname":"a3d439b0629a","pid":1,"level":30,"msg":"Ctrl+C to shut down","time":"2020-12-18T08:35:19.188Z","v":0}
{"name":"Log","hostname":"a3d439b0629a","pid":1,"level":30,"msg":"Ghost boot 8.478s","time":"2020-12-18T08:35:19.193Z","v":0}
{"name":"Log","hostname":"a3d439b0629a","pid":1,"level":40,"msg":"Ghost is shutting down","time":"2020-12-18T09:10:08.285Z","v":0}
{"name":"Log","hostname":"a3d439b0629a","pid":1,"level":40,"msg":"Ghost has shut down","time":"2020-12-18T09:10:08.298Z","v":0}
{"name":"Log","hostname":"a9396310d013","pid":1,"level":30,"msg":"Ghost is running in production...","time":"2020-12-18T09:10:40.385Z","v":0}
{"name":"Log","hostname":"a9396310d013","pid":1,"level":30,"msg":"Your site is now available on https://cms.sharebiker.net/","time":"2020-12-18T09:10:40.390Z","v":0}
{"name":"Log","hostname":"a9396310d013","pid":1,"level":30,"msg":"Ctrl+C to shut down","time":"2020-12-18T09:10:40.391Z","v":0}
{"name":"Log","hostname":"a9396310d013","pid":1,"level":30,"msg":"Ghost boot 8.534s","time":"2020-12-18T09:10:40.396Z","v":0}
{"name":"Log","hostname":"a9396310d013","pid":1,"level":40,"msg":"Ghost is shutting down","time":"2020-12-18T09:18:18.003Z","v":0}
{"name":"Log","hostname":"a9396310d013","pid":1,"level":40,"msg":"Ghost has shut down","time":"2020-12-18T09:18:18.008Z","v":0}
{"name":"Log","hostname":"13d358f0d135","pid":1,"level":30,"msg":"Ghost is running in production...","time":"2020-12-18T09:18:30.853Z","v":0}
{"name":"Log","hostname":"13d358f0d135","pid":1,"level":30,"msg":"Your site is now available on https://cms.sharebiker.net/","time":"2020-12-18T09:18:30.854Z","v":0}
{"name":"Log","hostname":"13d358f0d135","pid":1,"level":30,"msg":"Ctrl+C to shut down","time":"2020-12-18T09:18:30.855Z","v":0}
{"name":"Log","hostname":"13d358f0d135","pid":1,"level":30,"msg":"Ghost boot 7.119s","time":"2020-12-18T09:18:30.860Z","v":0}
{"name":"Log","hostname":"13d358f0d135","pid":1,"level":40,"msg":"Ghost is shutting down","time":"2020-12-18T10:54:38.079Z","v":0}
{"name":"Log","hostname":"13d358f0d135","pid":1,"level":40,"msg":"Ghost has shut down","time":"2020-12-18T10:54:38.092Z","v":0}
{"name":"Log","hostname":"7d417be40a0d","pid":1,"level":30,"msg":"Ghost is running in production...","time":"2020-12-18T10:54:51.840Z","v":0}
{"name":"Log","hostname":"7d417be40a0d","pid":1,"level":30,"msg":"Your site is now available on https://cms.sharebiker.net/","time":"2020-12-18T10:54:51.841Z","v":0}
{"name":"Log","hostname":"7d417be40a0d","pid":1,"level":30,"msg":"Ctrl+C to shut down","time":"2020-12-18T10:54:51.842Z","v":0}
{"name":"Log","hostname":"7d417be40a0d","pid":1,"level":30,"msg":"Ghost boot 6.905s","time":"2020-12-18T10:54:51.848Z","v":0}
{"name":"Log","hostname":"7d417be40a0d","pid":1,"level":40,"msg":"Ghost is shutting down","time":"2020-12-18T10:56:17.345Z","v":0}
{"name":"Log","hostname":"7d417be40a0d","pid":1,"level":40,"msg":"Ghost has shut down","time":"2020-12-18T10:56:17.350Z","v":0}
{"name":"Log","hostname":"e0853d2ffedd","pid":1,"level":30,"msg":"Ghost is running in production...","time":"2020-12-18T10:56:30.820Z","v":0}
{"name":"Log","hostname":"e0853d2ffedd","pid":1,"level":30,"msg":"Your site is now available on https://cms.sharebiker.net/","time":"2020-12-18T10:56:30.822Z","v":0}
{"name":"Log","hostname":"e0853d2ffedd","pid":1,"level":30,"msg":"Ctrl+C to shut down","time":"2020-12-18T10:56:30.823Z","v":0}
{"name":"Log","hostname":"e0853d2ffedd","pid":1,"level":30,"msg":"Ghost boot 6.756s","time":"2020-12-18T10:56:30.828Z","v":0}
{"name":"Log","hostname":"e0853d2ffedd","pid":1,"level":40,"msg":"Ghost is shutting down","time":"2020-12-18T11:00:43.210Z","v":0}
{"name":"Log","hostname":"e0853d2ffedd","pid":1,"level":40,"msg":"Ghost has shut down","time":"2020-12-18T11:00:43.222Z","v":0}
{"name":"Log","hostname":"4f22531ce99f","pid":1,"level":30,"msg":"Ghost is running in production...","time":"2020-12-18T11:01:00.280Z","v":0}
{"name":"Log","hostname":"4f22531ce99f","pid":1,"level":30,"msg":"Your site is now available on https://cms.sharebiker.net/","time":"2020-12-18T11:01:00.281Z","v":0}
{"name":"Log","hostname":"4f22531ce99f","pid":1,"level":30,"msg":"Ctrl+C to shut down","time":"2020-12-18T11:01:00.283Z","v":0}
{"name":"Log","hostname":"4f22531ce99f","pid":1,"level":30,"msg":"Ghost boot 6.602s","time":"2020-12-18T11:01:00.288Z","v":0}
{"name":"Log","hostname":"4f22531ce99f","pid":1,"level":40,"msg":"Ghost is shutting down","time":"2021-01-07T14:00:45.433Z","v":0}
{"name":"Log","hostname":"4f22531ce99f","pid":1,"level":40,"msg":"Ghost has shut down","time":"2021-01-07T14:00:45.468Z","v":0}
{"name":"Log","hostname":"e055581fc9f9","pid":1,"level":30,"msg":"Ghost is running in production...","time":"2021-01-19T11:55:50.260Z","v":0}
{"name":"Log","hostname":"e055581fc9f9","pid":1,"level":30,"msg":"Your site is now available on https://cms.sharebiker.net/","time":"2021-01-19T11:55:50.264Z","v":0}
{"name":"Log","hostname":"e055581fc9f9","pid":1,"level":30,"msg":"Ctrl+C to shut down","time":"2021-01-19T11:55:50.266Z","v":0}
{"name":"Log","hostname":"e055581fc9f9","pid":1,"level":30,"msg":"Ghost boot 6.937s","time":"2021-01-19T11:55:50.270Z","v":0}
{"name":"Log","hostname":"e055581fc9f9","pid":1,"level":40,"msg":"Ghost is shutting down","time":"2021-01-19T12:04:54.517Z","v":0}
{"name":"Log","hostname":"e055581fc9f9","pid":1,"level":40,"msg":"Ghost has shut down","time":"2021-01-19T12:04:54.526Z","v":0}
{"name":"Log","hostname":"ea96975ba1a7","pid":1,"level":30,"msg":"Ghost is running in production...","time":"2021-01-19T12:05:06.999Z","v":0}
{"name":"Log","hostname":"ea96975ba1a7","pid":1,"level":30,"msg":"Your site is now available on https://cms.sharebiker.net/","time":"2021-01-19T12:05:07.000Z","v":0}
{"name":"Log","hostname":"ea96975ba1a7","pid":1,"level":30,"msg":"Ctrl+C to shut down","time":"2021-01-19T12:05:07.004Z","v":0}
{"name":"Log","hostname":"ea96975ba1a7","pid":1,"level":30,"msg":"Ghost boot 6.839s","time":"2021-01-19T12:05:07.006Z","v":0}
{"name":"Log","hostname":"ea96975ba1a7","pid":1,"level":40,"msg":"Ghost is shutting down","time":"2021-01-19T12:06:12.385Z","v":0}
{"name":"Log","hostname":"ea96975ba1a7","pid":1,"level":40,"msg":"Ghost has shut down","time":"2021-01-19T12:06:12.400Z","v":0}
{"name":"Log","hostname":"7416180ce2e9","pid":1,"level":30,"msg":"Ghost is running in production...","time":"2021-01-19T12:06:22.924Z","v":0}
{"name":"Log","hostname":"7416180ce2e9","pid":1,"level":30,"msg":"Your site is now available on https://cms.sharebiker.net/","time":"2021-01-19T12:06:22.925Z","v":0}
{"name":"Log","hostname":"7416180ce2e9","pid":1,"level":30,"msg":"Ctrl+C to shut down","time":"2021-01-19T12:06:22.928Z","v":0}
{"name":"Log","hostname":"7416180ce2e9","pid":1,"level":30,"msg":"Ghost boot 6.67s","time":"2021-01-19T12:06:22.930Z","v":0}
{"name":"Log","hostname":"7416180ce2e9","pid":1,"level":40,"msg":"Ghost is shutting down","time":"2021-01-19T12:07:15.434Z","v":0}
{"name":"Log","hostname":"7416180ce2e9","pid":1,"level":40,"msg":"Ghost has shut down","time":"2021-01-19T12:07:15.440Z","v":0}
{"name":"Log","hostname":"2939c8c0dca1","pid":1,"level":30,"msg":"Ghost is running in production...","time":"2021-01-19T12:07:26.603Z","v":0}
{"name":"Log","hostname":"2939c8c0dca1","pid":1,"level":30,"msg":"Your site is now available on https://cms.sharebiker.net/","time":"2021-01-19T12:07:26.604Z","v":0}
{"name":"Log","hostname":"2939c8c0dca1","pid":1,"level":30,"msg":"Ctrl+C to shut down","time":"2021-01-19T12:07:26.608Z","v":0}
{"name":"Log","hostname":"2939c8c0dca1","pid":1,"level":30,"msg":"Ghost boot 6.457s","time":"2021-01-19T12:07:26.610Z","v":0}
